<?xml version="1.0" encoding="UTF-8"?>
<testng-results ignored="0" total="4" passed="4" failed="0" skipped="0">
  <reporter-output>
  </reporter-output>
  <suite started-at="2020-06-02T16:16:32 AEST" name="Default suite" finished-at="2020-06-02T16:17:11 AEST" duration-ms="38428">
    <groups>
      <group name="login">
        <method signature="Testngframework.testcase1()[pri:1, instance:workingwithTestng.Testngframework@2a32de6c]" name="testcase1" class="workingwithTestng.Testngframework"/>
        <method signature="Testngframework.testcase2()[pri:2, instance:workingwithTestng.Testngframework@2a32de6c]" name="testcase2" class="workingwithTestng.Testngframework"/>
        <method signature="Testngframework.testcase3()[pri:3, instance:workingwithTestng.Testngframework@2a32de6c]" name="testcase3" class="workingwithTestng.Testngframework"/>
        <method signature="Testngframework.testcase4()[pri:4, instance:workingwithTestng.Testngframework@2a32de6c]" name="testcase4" class="workingwithTestng.Testngframework"/>
      </group> <!-- login -->
    </groups>
    <test started-at="2020-06-02T16:16:32 AEST" name="Default test" finished-at="2020-06-02T16:17:11 AEST" duration-ms="38428">
      <class name="workingwithTestng.Testngframework">
        <test-method is-config="true" signature="buildexecution()[pri:0, instance:workingwithTestng.Testngframework@2a32de6c]" started-at="2020-06-02T16:16:32 AEST" name="buildexecution" finished-at="2020-06-02T16:16:38 AEST" duration-ms="6068" status="PASS">
          <reporter-output>
          </reporter-output>
        </test-method> <!-- buildexecution -->
        <test-method signature="testcase1()[pri:1, instance:workingwithTestng.Testngframework@2a32de6c]" started-at="2020-06-02T16:16:38 AEST" name="testcase1" finished-at="2020-06-02T16:16:42 AEST" duration-ms="3871" status="PASS">
          <reporter-output>
          </reporter-output>
        </test-method> <!-- testcase1 -->
        <test-method is-config="true" signature="buildclose()[pri:0, instance:workingwithTestng.Testngframework@2a32de6c]" started-at="2020-06-02T16:16:42 AEST" name="buildclose" finished-at="2020-06-02T16:16:42 AEST" duration-ms="232" status="PASS">
          <reporter-output>
          </reporter-output>
        </test-method> <!-- buildclose -->
        <test-method is-config="true" signature="buildexecution()[pri:0, instance:workingwithTestng.Testngframework@2a32de6c]" started-at="2020-06-02T16:16:42 AEST" name="buildexecution" finished-at="2020-06-02T16:16:56 AEST" duration-ms="13357" status="PASS">
          <reporter-output>
          </reporter-output>
        </test-method> <!-- buildexecution -->
        <test-method signature="testcase2()[pri:2, instance:workingwithTestng.Testngframework@2a32de6c]" started-at="2020-06-02T16:16:56 AEST" name="testcase2" finished-at="2020-06-02T16:16:57 AEST" duration-ms="879" status="PASS">
          <reporter-output>
          </reporter-output>
        </test-method> <!-- testcase2 -->
        <test-method is-config="true" signature="buildclose()[pri:0, instance:workingwithTestng.Testngframework@2a32de6c]" started-at="2020-06-02T16:16:57 AEST" name="buildclose" finished-at="2020-06-02T16:16:57 AEST" duration-ms="149" status="PASS">
          <reporter-output>
          </reporter-output>
        </test-method> <!-- buildclose -->
        <test-method is-config="true" signature="buildexecution()[pri:0, instance:workingwithTestng.Testngframework@2a32de6c]" started-at="2020-06-02T16:16:57 AEST" name="buildexecution" finished-at="2020-06-02T16:17:02 AEST" duration-ms="5516" status="PASS">
          <reporter-output>
          </reporter-output>
        </test-method> <!-- buildexecution -->
        <test-method signature="testcase3()[pri:3, instance:workingwithTestng.Testngframework@2a32de6c]" started-at="2020-06-02T16:17:02 AEST" name="testcase3" finished-at="2020-06-02T16:17:03 AEST" duration-ms="900" status="PASS">
          <reporter-output>
          </reporter-output>
        </test-method> <!-- testcase3 -->
        <test-method is-config="true" signature="buildclose()[pri:0, instance:workingwithTestng.Testngframework@2a32de6c]" started-at="2020-06-02T16:17:03 AEST" name="buildclose" finished-at="2020-06-02T16:17:03 AEST" duration-ms="85" status="PASS">
          <reporter-output>
          </reporter-output>
        </test-method> <!-- buildclose -->
        <test-method is-config="true" signature="buildexecution()[pri:0, instance:workingwithTestng.Testngframework@2a32de6c]" started-at="2020-06-02T16:17:03 AEST" name="buildexecution" finished-at="2020-06-02T16:17:10 AEST" duration-ms="6406" status="PASS">
          <reporter-output>
          </reporter-output>
        </test-method> <!-- buildexecution -->
        <test-method signature="testcase4()[pri:4, instance:workingwithTestng.Testngframework@2a32de6c]" started-at="2020-06-02T16:17:10 AEST" name="testcase4" finished-at="2020-06-02T16:17:11 AEST" duration-ms="749" status="PASS">
          <reporter-output>
          </reporter-output>
        </test-method> <!-- testcase4 -->
        <test-method is-config="true" signature="buildclose()[pri:0, instance:workingwithTestng.Testngframework@2a32de6c]" started-at="2020-06-02T16:17:11 AEST" name="buildclose" finished-at="2020-06-02T16:17:11 AEST" duration-ms="146" status="PASS">
          <reporter-output>
          </reporter-output>
        </test-method> <!-- buildclose -->
      </class> <!-- workingwithTestng.Testngframework -->
    </test> <!-- Default test -->
  </suite> <!-- Default suite -->
</testng-results>
