<?xml version="1.0" encoding="UTF-8"?>
<!-- Generated by org.testng.reporters.JUnitXMLReporter -->
<testsuite ignored="0" hostname="DESKTOP-3968NLS" failures="0" tests="4" name="Default test" time="38.428" errors="0" timestamp="2020-06-02T16:17:11 AEST">
  <testcase classname="workingwithTestng.Testngframework" name="testcase1" time="3.871"/>
  <testcase classname="workingwithTestng.Testngframework" name="testcase2" time="0.879"/>
  <testcase classname="workingwithTestng.Testngframework" name="testcase3" time="0.9"/>
  <testcase classname="workingwithTestng.Testngframework" name="testcase4" time="0.749"/>
</testsuite> <!-- Default test -->
